[debug] [2023-08-19T02:21:19.705Z] ----------------------------------------------------------------------
[debug] [2023-08-19T02:21:19.712Z] Command:       /usr/local/bin/node /Users/alejandroestrella/Documents/ProjectFiles/SkywalkersWebsite/node_modules/.bin/firebase deploy
[debug] [2023-08-19T02:21:19.714Z] CLI Version:   12.4.8
[debug] [2023-08-19T02:21:19.715Z] Platform:      darwin
[debug] [2023-08-19T02:21:19.715Z] Node Version:  v18.17.0
[debug] [2023-08-19T02:21:19.746Z] Time:          Fri Aug 18 2023 19:21:19 GMT-0700 (Pacific Daylight Time)
[debug] [2023-08-19T02:21:19.746Z] ----------------------------------------------------------------------
[debug] 
[debug] [2023-08-19T02:21:19.788Z] > command requires scopes: ["email","openid","https://www.googleapis.com/auth/cloudplatformprojects.readonly","https://www.googleapis.com/auth/firebase","https://www.googleapis.com/auth/cloud-platform"]
[debug] [2023-08-19T02:21:19.788Z] > authorizing via signed-in user (skywalkers.operations@gmail.com)
[debug] [2023-08-19T02:21:19.788Z] [iam] checking project frc-skywalkers for permissions ["cloudfunctions.functions.create","cloudfunctions.functions.delete","cloudfunctions.functions.get","cloudfunctions.functions.list","cloudfunctions.functions.update","cloudfunctions.operations.get","firebase.projects.get","firebasehosting.sites.update"]
[debug] [2023-08-19T02:21:19.789Z] >>> [apiv2][query] POST https://cloudresourcemanager.googleapis.com/v1/projects/frc-skywalkers:testIamPermissions [none]
[debug] [2023-08-19T02:21:19.789Z] >>> [apiv2][(partial)header] POST https://cloudresourcemanager.googleapis.com/v1/projects/frc-skywalkers:testIamPermissions x-goog-quota-user=projects/frc-skywalkers
[debug] [2023-08-19T02:21:19.789Z] >>> [apiv2][body] POST https://cloudresourcemanager.googleapis.com/v1/projects/frc-skywalkers:testIamPermissions {"permissions":["cloudfunctions.functions.create","cloudfunctions.functions.delete","cloudfunctions.functions.get","cloudfunctions.functions.list","cloudfunctions.functions.update","cloudfunctions.operations.get","firebase.projects.get","firebasehosting.sites.update"]}
[debug] [2023-08-19T02:21:19.956Z] <<< [apiv2][status] POST https://cloudresourcemanager.googleapis.com/v1/projects/frc-skywalkers:testIamPermissions 200
[debug] [2023-08-19T02:21:19.956Z] <<< [apiv2][body] POST https://cloudresourcemanager.googleapis.com/v1/projects/frc-skywalkers:testIamPermissions {"permissions":["cloudfunctions.functions.create","cloudfunctions.functions.delete","cloudfunctions.functions.get","cloudfunctions.functions.list","cloudfunctions.functions.update","cloudfunctions.operations.get","firebase.projects.get","firebasehosting.sites.update"]}
[debug] [2023-08-19T02:21:19.957Z] >>> [apiv2][query] POST https://iam.googleapis.com/v1/projects/frc-skywalkers/serviceAccounts/frc-skywalkers@appspot.gserviceaccount.com:testIamPermissions [none]
[debug] [2023-08-19T02:21:19.957Z] >>> [apiv2][body] POST https://iam.googleapis.com/v1/projects/frc-skywalkers/serviceAccounts/frc-skywalkers@appspot.gserviceaccount.com:testIamPermissions {"permissions":["iam.serviceAccounts.actAs"]}
[debug] [2023-08-19T02:21:20.098Z] <<< [apiv2][status] POST https://iam.googleapis.com/v1/projects/frc-skywalkers/serviceAccounts/frc-skywalkers@appspot.gserviceaccount.com:testIamPermissions 200
[debug] [2023-08-19T02:21:20.098Z] <<< [apiv2][body] POST https://iam.googleapis.com/v1/projects/frc-skywalkers/serviceAccounts/frc-skywalkers@appspot.gserviceaccount.com:testIamPermissions {"permissions":["iam.serviceAccounts.actAs"]}
[debug] [2023-08-19T02:21:20.098Z] >>> [apiv2][query] GET https://firebase.googleapis.com/v1beta1/projects/frc-skywalkers [none]
[debug] [2023-08-19T02:21:20.466Z] <<< [apiv2][status] GET https://firebase.googleapis.com/v1beta1/projects/frc-skywalkers 200
[debug] [2023-08-19T02:21:20.467Z] <<< [apiv2][body] GET https://firebase.googleapis.com/v1beta1/projects/frc-skywalkers {"projectId":"frc-skywalkers","projectNumber":"86129312478","displayName":"FRC Skywalkers","name":"projects/frc-skywalkers","resources":{"hostingSite":"frc-skywalkers","storageBucket":"frc-skywalkers.appspot.com","locationId":"us-west2"},"state":"ACTIVE","etag":"1_b03369ee-306f-44d2-b71a-57bcc8ea08aa"}
[info] 
[info] === Deploying to 'frc-skywalkers'...
[info] 
[info] i  deploying functions, hosting 
[debug] [2023-08-19T02:21:20.468Z] >>> [apiv2][query] GET https://firebase.googleapis.com/v1beta1/projects/frc-skywalkers [none]
[debug] [2023-08-19T02:21:20.866Z] <<< [apiv2][status] GET https://firebase.googleapis.com/v1beta1/projects/frc-skywalkers 200
[debug] [2023-08-19T02:21:20.866Z] <<< [apiv2][body] GET https://firebase.googleapis.com/v1beta1/projects/frc-skywalkers {"projectId":"frc-skywalkers","projectNumber":"86129312478","displayName":"FRC Skywalkers","name":"projects/frc-skywalkers","resources":{"hostingSite":"frc-skywalkers","storageBucket":"frc-skywalkers.appspot.com","locationId":"us-west2"},"state":"ACTIVE","etag":"1_b03369ee-306f-44d2-b71a-57bcc8ea08aa"}
[info] i  functions: preparing codebase default for deployment 
[info] i  functions: ensuring required API cloudfunctions.googleapis.com is enabled... 
[info] i  functions: ensuring required API cloudbuild.googleapis.com is enabled... 
[info] i  artifactregistry: ensuring required API artifactregistry.googleapis.com is enabled... 
[debug] [2023-08-19T02:21:20.867Z] >>> [apiv2][query] GET https://serviceusage.googleapis.com/v1/projects/frc-skywalkers/services/cloudfunctions.googleapis.com [none]
[debug] [2023-08-19T02:21:20.867Z] >>> [apiv2][(partial)header] GET https://serviceusage.googleapis.com/v1/projects/frc-skywalkers/services/cloudfunctions.googleapis.com x-goog-quota-user=projects/frc-skywalkers
[debug] [2023-08-19T02:21:20.867Z] >>> [apiv2][query] GET https://serviceusage.googleapis.com/v1/projects/frc-skywalkers/services/runtimeconfig.googleapis.com [none]
[debug] [2023-08-19T02:21:20.867Z] >>> [apiv2][(partial)header] GET https://serviceusage.googleapis.com/v1/projects/frc-skywalkers/services/runtimeconfig.googleapis.com x-goog-quota-user=projects/frc-skywalkers
[debug] [2023-08-19T02:21:20.868Z] >>> [apiv2][query] GET https://serviceusage.googleapis.com/v1/projects/frc-skywalkers/services/cloudbuild.googleapis.com [none]
[debug] [2023-08-19T02:21:20.868Z] >>> [apiv2][(partial)header] GET https://serviceusage.googleapis.com/v1/projects/frc-skywalkers/services/cloudbuild.googleapis.com x-goog-quota-user=projects/frc-skywalkers
[debug] [2023-08-19T02:21:20.868Z] >>> [apiv2][query] GET https://serviceusage.googleapis.com/v1/projects/frc-skywalkers/services/artifactregistry.googleapis.com [none]
[debug] [2023-08-19T02:21:20.868Z] >>> [apiv2][(partial)header] GET https://serviceusage.googleapis.com/v1/projects/frc-skywalkers/services/artifactregistry.googleapis.com x-goog-quota-user=projects/frc-skywalkers
[debug] [2023-08-19T02:21:21.366Z] <<< [apiv2][status] GET https://serviceusage.googleapis.com/v1/projects/frc-skywalkers/services/cloudfunctions.googleapis.com 200
[debug] [2023-08-19T02:21:21.366Z] <<< [apiv2][body] GET https://serviceusage.googleapis.com/v1/projects/frc-skywalkers/services/cloudfunctions.googleapis.com [omitted]
[info] ✔  functions: required API cloudfunctions.googleapis.com is enabled 
[debug] [2023-08-19T02:21:21.433Z] <<< [apiv2][status] GET https://serviceusage.googleapis.com/v1/projects/frc-skywalkers/services/artifactregistry.googleapis.com 200
[debug] [2023-08-19T02:21:21.433Z] <<< [apiv2][body] GET https://serviceusage.googleapis.com/v1/projects/frc-skywalkers/services/artifactregistry.googleapis.com [omitted]
[info] ✔  artifactregistry: required API artifactregistry.googleapis.com is enabled 
[debug] [2023-08-19T02:21:21.433Z] <<< [apiv2][status] GET https://serviceusage.googleapis.com/v1/projects/frc-skywalkers/services/runtimeconfig.googleapis.com 200
[debug] [2023-08-19T02:21:21.433Z] <<< [apiv2][body] GET https://serviceusage.googleapis.com/v1/projects/frc-skywalkers/services/runtimeconfig.googleapis.com [omitted]
[debug] [2023-08-19T02:21:21.447Z] <<< [apiv2][status] GET https://serviceusage.googleapis.com/v1/projects/frc-skywalkers/services/cloudbuild.googleapis.com 200
[debug] [2023-08-19T02:21:21.447Z] <<< [apiv2][body] GET https://serviceusage.googleapis.com/v1/projects/frc-skywalkers/services/cloudbuild.googleapis.com [omitted]
[info] ✔  functions: required API cloudbuild.googleapis.com is enabled 
[debug] [2023-08-19T02:21:21.448Z] >>> [apiv2][query] GET https://firebase.googleapis.com/v1beta1/projects/frc-skywalkers/adminSdkConfig [none]
[debug] [2023-08-19T02:21:21.813Z] <<< [apiv2][status] GET https://firebase.googleapis.com/v1beta1/projects/frc-skywalkers/adminSdkConfig 200
[debug] [2023-08-19T02:21:21.813Z] <<< [apiv2][body] GET https://firebase.googleapis.com/v1beta1/projects/frc-skywalkers/adminSdkConfig {"projectId":"frc-skywalkers","storageBucket":"frc-skywalkers.appspot.com","locationId":"us-west2"}
[debug] [2023-08-19T02:21:21.813Z] >>> [apiv2][query] GET https://runtimeconfig.googleapis.com/v1beta1/projects/frc-skywalkers/configs [none]
[debug] [2023-08-19T02:21:21.986Z] <<< [apiv2][status] GET https://runtimeconfig.googleapis.com/v1beta1/projects/frc-skywalkers/configs 200
[debug] [2023-08-19T02:21:21.986Z] <<< [apiv2][body] GET https://runtimeconfig.googleapis.com/v1beta1/projects/frc-skywalkers/configs {}
[debug] [2023-08-19T02:21:21.987Z] Validating nodejs source
[debug] [2023-08-19T02:21:22.438Z] > [functions] package.json contents: {
  "name": "functions",
  "description": "Cloud Functions for Firebase",
  "scripts": {
    "serve": "firebase emulators:start --only functions",
    "shell": "firebase functions:shell",
    "start": "npm run shell",
    "deploy": "firebase deploy --only functions",
    "logs": "firebase functions:log"
  },
  "engines": {
    "node": "18"
  },
  "main": "index.js",
  "dependencies": {
    "firebase-admin": "^11.10.1",
    "firebase-functions": "^4.4.1"
  },
  "devDependencies": {
    "firebase-functions-test": "^3.1.0"
  },
  "private": true
}
[debug] [2023-08-19T02:21:22.438Z] Building nodejs source
[info] i  functions: Loading and analyzing source code for codebase default to determine what to deploy 
[debug] [2023-08-19T02:21:22.438Z] Could not find functions.yaml. Must use http discovery
[debug] [2023-08-19T02:21:22.443Z] Found firebase-functions binary at '/Users/alejandroestrella/Documents/ProjectFiles/SkywalkersWebsite/build/functions/node_modules/.bin/firebase-functions'
[info] Serving at port 8725

[debug] [2023-08-19T02:21:22.756Z] Got response from /__/functions.yaml {"endpoints":{"ssrServer":{"platform":"gcfv1","availableMemoryMb":null,"timeoutSeconds":null,"minInstances":1,"maxInstances":null,"ingressSettings":null,"serviceAccountEmail":null,"vpc":null,"region":["us-west1"],"httpsTrigger":{},"entryPoint":"ssrServer"}},"specVersion":"v1alpha1","requiredAPIs":[]}
[info] shutdown requested via /__/quitquitquit

[info] i  functions: preparing build/functions directory for uploading... 
[info] i  functions: packaged /Users/alejandroestrella/Documents/ProjectFiles/SkywalkersWebsite/build/functions (2.83 MB) for uploading 
[debug] [2023-08-19T02:21:22.873Z] >>> [apiv2][query] GET https://cloudfunctions.googleapis.com/v1/projects/frc-skywalkers/locations/-/functions [none]
[debug] [2023-08-19T02:21:23.348Z] <<< [apiv2][status] GET https://cloudfunctions.googleapis.com/v1/projects/frc-skywalkers/locations/-/functions 200
[debug] [2023-08-19T02:21:23.348Z] <<< [apiv2][body] GET https://cloudfunctions.googleapis.com/v1/projects/frc-skywalkers/locations/-/functions {"functions":[{"name":"projects/frc-skywalkers/locations/us-west1/functions/ssrServer","httpsTrigger":{"url":"https://us-west1-frc-skywalkers.cloudfunctions.net/ssrServer","securityLevel":"SECURE_ALWAYS"},"status":"ACTIVE","entryPoint":"ssrServer","timeout":"60s","availableMemoryMb":256,"serviceAccountEmail":"frc-skywalkers@appspot.gserviceaccount.com","updateTime":"2023-08-19T01:07:14.759Z","versionId":"7","labels":{"deployment-tool":"cli-firebase","firebase-functions-hash":"86f458d5b792e76bcb2d30e0d1268906760639f4"},"sourceUploadUrl":"https://storage.googleapis.com/uploads-519591172097.us-west1.cloudfunctions.appspot.com/eeb3e200-3c7a-45ed-b5d2-4dae467a955d.zip","environmentVariables":{"FIREBASE_CONFIG":"{\"projectId\":\"frc-skywalkers\",\"storageBucket\":\"frc-skywalkers.appspot.com\",\"locationId\":\"us-west2\"}","GCLOUD_PROJECT":"frc-skywalkers","EVENTARC_CLOUD_EVENT_SOURCE":"projects/frc-skywalkers/locations/us-west1/functions/ssrServer"},"runtime":"nodejs18","ingressSettings":"ALLOW_ALL","buildId":"3771f233-b051-46fb-973a-d6ed1b882824","buildEnvironmentVariables":{"GOOGLE_NODE_RUN_SCRIPTS":""},"minInstances":1,"buildName":"projects/86129312478/locations/us-west1/builds/3771f233-b051-46fb-973a-d6ed1b882824","dockerRegistry":"ARTIFACT_REGISTRY"}]}
[debug] [2023-08-19T02:21:23.348Z] >>> [apiv2][query] GET https://cloudfunctions.googleapis.com/v2/projects/frc-skywalkers/locations/-/functions filter=environment%3D%22GEN_2%22
[debug] [2023-08-19T02:21:23.805Z] <<< [apiv2][status] GET https://cloudfunctions.googleapis.com/v2/projects/frc-skywalkers/locations/-/functions 200
[debug] [2023-08-19T02:21:23.805Z] <<< [apiv2][body] GET https://cloudfunctions.googleapis.com/v2/projects/frc-skywalkers/locations/-/functions {}
[warn] ⚠  functions: The following functions have reserved minimum instances. This will reduce the frequency of cold starts but increases the minimum cost. You will be charged for the memory allocation and a fraction of the CPU allocation of instances while they are idle.

	ssrServer(us-west1): 1 instances, 256MB of memory each

Cannot calculate the minimum monthly bill for this configuration. Consider running npm install -g firebase-tools 
[debug] [2023-08-19T02:22:00.771Z] >>> [apiv2][query] GET https://firebase.googleapis.com/v1beta1/projects/frc-skywalkers [none]
[debug] [2023-08-19T02:22:01.158Z] <<< [apiv2][status] GET https://firebase.googleapis.com/v1beta1/projects/frc-skywalkers 200
[debug] [2023-08-19T02:22:01.158Z] <<< [apiv2][body] GET https://firebase.googleapis.com/v1beta1/projects/frc-skywalkers {"projectId":"frc-skywalkers","projectNumber":"86129312478","displayName":"FRC Skywalkers","name":"projects/frc-skywalkers","resources":{"hostingSite":"frc-skywalkers","storageBucket":"frc-skywalkers.appspot.com","locationId":"us-west2"},"state":"ACTIVE","etag":"1_b03369ee-306f-44d2-b71a-57bcc8ea08aa"}
[debug] [2023-08-19T02:22:01.160Z] >>> [apiv2][query] POST https://firebasehosting.googleapis.com/v1beta1/projects/-/sites/frc-skywalkers/versions [none]
[debug] [2023-08-19T02:22:01.160Z] >>> [apiv2][body] POST https://firebasehosting.googleapis.com/v1beta1/projects/-/sites/frc-skywalkers/versions {"status":"CREATED","labels":{"deployment-tool":"cli-firebase"}}
[debug] [2023-08-19T02:22:01.921Z] <<< [apiv2][status] POST https://firebasehosting.googleapis.com/v1beta1/projects/-/sites/frc-skywalkers/versions 200
[debug] [2023-08-19T02:22:01.922Z] <<< [apiv2][body] POST https://firebasehosting.googleapis.com/v1beta1/projects/-/sites/frc-skywalkers/versions {"name":"projects/86129312478/sites/frc-skywalkers/versions/74d2838c31f7b7ab","status":"CREATED","config":{},"labels":{"deployment-tool":"cli-firebase"}}
[debug] [2023-08-19T02:22:01.922Z] >>> [apiv2][query] POST https://cloudfunctions.googleapis.com/v1/projects/frc-skywalkers/locations/us-west1/functions:generateUploadUrl [none]
[debug] [2023-08-19T02:22:01.922Z] >>> [apiv2][body] POST https://cloudfunctions.googleapis.com/v1/projects/frc-skywalkers/locations/us-west1/functions:generateUploadUrl {}
[debug] [2023-08-19T02:22:02.439Z] <<< [apiv2][status] POST https://cloudfunctions.googleapis.com/v1/projects/frc-skywalkers/locations/us-west1/functions:generateUploadUrl 200
[debug] [2023-08-19T02:22:02.439Z] <<< [apiv2][body] POST https://cloudfunctions.googleapis.com/v1/projects/frc-skywalkers/locations/us-west1/functions:generateUploadUrl {"uploadUrl":"https://storage.googleapis.com/uploads-519591172097.us-west1.cloudfunctions.appspot.com/6342e716-90f6-40f2-aa39-ba8c35aa6cbc.zip?GoogleAccessId=service-86129312478@gcf-admin-robot.iam.gserviceaccount.com&Expires=1692413522&Signature=sCNXU2doetaIP%2FZqaGQjZJkHNIoKI8lEfFg%2BOf5PyJsbPXA86U2VXeZkYFK18XjdLMu%2BMf9jFwzN99UmPwKPeDBYyjQGr%2B9hSl1GR1CobB5ihCtWIImEKy1BbUI9XGto9LtJKyBsiYaMn3gFLQI%2BFUGv9t63gLlxh%2BhfWE8TIxkG2KKnyJuW5A5ocQ058o2A2hYReSsgaLnFxjSOUmdiBduroKe%2BdSZ3dA68Ez%2FbM9RGWm5p%2BwAc8xUYysb3g6cF7APPp%2FbuSdImDe4ywWd2t6tT5ksqrY4xPEc1K3C3fCz7H444IrOIQccanOQMpyVkRMsc04VV0ZzIIlLAp2MxWQ%3D%3D"}
[debug] [2023-08-19T02:22:02.440Z] >>> [apiv2][query] PUT https://storage.googleapis.com/uploads-519591172097.us-west1.cloudfunctions.appspot.com/6342e716-90f6-40f2-aa39-ba8c35aa6cbc.zip GoogleAccessId=service-86129312478%40gcf-admin-robot.iam.gserviceaccount.com&Expires=1692413522&Signature=sCNXU2doetaIP%2FZqaGQjZJkHNIoKI8lEfFg%2BOf5PyJsbPXA86U2VXeZkYFK18XjdLMu%2BMf9jFwzN99UmPwKPeDBYyjQGr%2B9hSl1GR1CobB5ihCtWIImEKy1BbUI9XGto9LtJKyBsiYaMn3gFLQI%2BFUGv9t63gLlxh%2BhfWE8TIxkG2KKnyJuW5A5ocQ058o2A2hYReSsgaLnFxjSOUmdiBduroKe%2BdSZ3dA68Ez%2FbM9RGWm5p%2BwAc8xUYysb3g6cF7APPp%2FbuSdImDe4ywWd2t6tT5ksqrY4xPEc1K3C3fCz7H444IrOIQccanOQMpyVkRMsc04VV0ZzIIlLAp2MxWQ%3D%3D
[debug] [2023-08-19T02:22:02.440Z] >>> [apiv2][body] PUT https://storage.googleapis.com/uploads-519591172097.us-west1.cloudfunctions.appspot.com/6342e716-90f6-40f2-aa39-ba8c35aa6cbc.zip [stream]
[debug] [2023-08-19T02:22:03.294Z] <<< [apiv2][status] PUT https://storage.googleapis.com/uploads-519591172097.us-west1.cloudfunctions.appspot.com/6342e716-90f6-40f2-aa39-ba8c35aa6cbc.zip 200
[debug] [2023-08-19T02:22:03.294Z] <<< [apiv2][body] PUT https://storage.googleapis.com/uploads-519591172097.us-west1.cloudfunctions.appspot.com/6342e716-90f6-40f2-aa39-ba8c35aa6cbc.zip [omitted]
[info] ✔  functions: build/functions folder uploaded successfully 
[info] i  hosting[frc-skywalkers]: beginning deploy... 
[info] i  hosting[frc-skywalkers]: found 99 files in build/public 
[debug] [2023-08-19T02:22:03.305Z] [hosting] uploading with 200 concurrency
[debug] [2023-08-19T02:22:03.312Z] [hosting] hash cache [YnVpbGQvcHVibGlj] stored for 99 files
[debug] [2023-08-19T02:22:03.312Z] [hosting][hash queue][FINAL] {"max":2,"min":0,"avg":0.37895843976950105,"active":0,"complete":99,"success":99,"errored":0,"retried":0,"total":99,"elapsed":4}
[debug] [2023-08-19T02:22:03.313Z] >>> [apiv2][query] POST https://firebasehosting.googleapis.com/v1beta1/projects/86129312478/sites/frc-skywalkers/versions/74d2838c31f7b7ab:populateFiles [none]
[debug] [2023-08-19T02:22:03.313Z] >>> [apiv2][body] POST https://firebasehosting.googleapis.com/v1beta1/projects/86129312478/sites/frc-skywalkers/versions/74d2838c31f7b7ab:populateFiles {"files":{"/codes.png":"b80529bf47e91469c3353125935ce8ace1a321ddde510d299dfb4106610ef1cc","/favicon.webp":"71288e4169ab02658d54cf35bd1f6a322fd392e18420666558d2c8f0a820be98","/google.svg":"2a00cc1769fe57852ce2a309839475cae108b282d5110f2128f1d81840af14c6","/kicked.png":"c702679a1f682b2cc2ae737ba5474d93ce48604d48d14bb6d0eb307472ab8843","/kicked_process.png":"18a392443088416819d80bb728844257bf89bea1fdcce63dddb7afd1d4ac9d82","/unknown.webp":"71288e4169ab02658d54cf35bd1f6a322fd392e18420666558d2c8f0a820be98","/verify_confirm.png":"8c3450c1518c01caa90dd7f125f5da78acdd357f63f9660dc1119c9886dbd9a4","/verify_link.png":"7287b3accdd9b93d6c5002416b654373b5fe0e3275dc0e4f9fc9fe817a31c921","/verify_page.png":"009d8b19c390c6571539e711f464e9d29187a307fe4ed0c3fa64713f3c243061","/_app/version.json":"bae10fc75b8f0403cce6aeab01d92b9138f96dade5005b7962477bef16db4a78","/_app/immutable/assets/0.09d864a1.css":"44d0b85ee0a3f09c086d47a6865810cbe6b1d32d8472299dc2670bf6c33f3bcf","/_app/immutable/assets/32.95f7aa41.css":"9844bd597621143a00d9e79136b648a64767c4ae38bbbff4031debbb70e2f506","/_app/immutable/assets/35.82ae3b82.css":"efe03eb9cb6b0923c44775a2664fed5a7c08e23ca1cda565f175303d66c707b1","/_app/immutable/assets/Page.329d1d09.css":"00d8104174c50349a2248956c71bc2058f116711541ff34458e732f5f8ad21f7","/_app/immutable/assets/_layout.09d864a1.css":"44d0b85ee0a3f09c086d47a6865810cbe6b1d32d8472299dc2670bf6c33f3bcf","/_app/immutable/assets/_page.7f79cbd0.css":"dfca592719479014fd2203e099eaaba474f7c995efc05468132d6d141028714d","/_app/immutable/assets/_page.95f7aa41.css":"9844bd597621143a00d9e79136b648a64767c4ae38bbbff4031debbb70e2f506","/_app/immutable/chunks/20.4ed993c7.js":"cfd889f20f894f14a8cb22e241c69f1493b1f7422eef5d527fce6974d3eb068d","/_app/immutable/chunks/DateTimeInput.fecae3e3.js":"a87c5fa6ea4711a8efd906dcc81d3bcaf0af0eb981cf0ae0af4d1dec51af15a3","/_app/immutable/chunks/DeleteDialog.6fdf3c59.js":"64a3cea06d03057f733233afe9f7df6e91eec6b5864e258a15ee7090c93735b7","/_app/immutable/chunks/Dialog.ac4c2afd.js":"7dd91aa236ec8986a8b1ba120f91701e7ab7095b1096a6a6032b73c3f8413467","/_app/immutable/chunks/EditProfile.0d605071.js":"b7ebfc23a13515133d8a610f78f3daca29b2d7c3150fb850e091f0b1b3f16870","/_app/immutable/chunks/Ellipse.85b248d6.js":"40b3ca54890271106829c303df0b8ca56d469027208ed0532cb477cae4deb310","/_app/immutable/chunks/Error.a180a49f.js":"3b33cf025b7cd7beaba87f12ff9c34884efd8848c314180b3a059bb847e6bf7d","/_app/immutable/chunks/Footer.3d908dcd.js":"7332b0398c309895a78b417827034cc77307f895b03d512815e37b747ba1a2ed","/_app/immutable/chunks/Icon.f9bea35c.js":"bf41ddb05f72599916e4137927b65d8d165aed5855f21d42b8e1e2d058678f79","/_app/immutable/chunks/Line.da7b2eb6.js":"ad76d2242d24f70b6d6f03c250fe8793e9def6f8f86601580b52928acc036f61","/_app/immutable/chunks/Link.91284c71.js":"9dbfefba4e8a827baf1fcd7001097f18d406c242a176bc286f7ed4a7ad1f54af","/_app/immutable/chunks/Loading.ca8fb312.js":"66e29691490449dff42bb6946bb7269401ae40bd6776d773159a9076ef79d30e","/_app/immutable/chunks/Member.88b75a91.js":"8049daca6cc3fa8769a55a7eef8d101620b6cffc84167fbf090d0b1adb96dac2","/_app/immutable/chunks/MenuItem.87064f41.js":"e679dd15c42a9b5a5be1b976c8c0016c55836e743111db9a52cfebbaae061039","/_app/immutable/chunks/MiniProfile.fa99a4d4.js":"bc648c5a47cf03d0fff37f018c2bd75a34ced81a4fc0729f6853306cfee75a89","/_app/immutable/chunks/Page.19c99264.js":"ea71a0853310f158a41de2a36a20915071a146e1885542d8cb6ada536b8d4c5a","/_app/immutable/chunks/PersonDialog.1027e990.js":"aafa20c0923c6a75e63b0be54780d2f1c18febaa3ad5bdba241485582b51930c","/_app/immutable/chunks/Portal.d6ba4dcd.js":"ba730bb217bedb44f0ac856c392de3d2a60405fc67f0edd247aca326d86c3434","/_app/immutable/chunks/Role.69e2fa7d.js":"e64fea67c5fcb66ac67c126879988e73dd9a3941f13598d6d428bf6010e18f46","/_app/immutable/chunks/Role.a564635e.js":"442ccc41b8fc44e3b89bfef290fd64fa633b45defe204cac6c7b030cae58d33d","/_app/immutable/chunks/RoleInput.6ec2c20b.js":"fcf7e72b35ef5df979f91aeeab4df520802837027f730e272ebfc68fe5b30cfd","/_app/immutable/chunks/SignIn.c83f678e.js":"9c3767c916d87532c0ed7a6989b85ae17182255d6e0a389f110e070603a77fd3","/_app/immutable/chunks/Tooltip.3e389212.js":"24605cbd6e3e9153782bb8de0061fe301e0155ef73959775375f45a5389d127b","/_app/immutable/chunks/colors.e18f72b8.js":"827c24675afc31ec3979f6c6647880b036bd99b1d87bfb2bb367f545353383eb","/_app/immutable/chunks/common.23897c99.js":"fdaddb8a5e04e5f18e7acdcc41394595e9302ab599e82a89dc29433795eb7cc1","/_app/immutable/chunks/date-and-time.6833df2c.js":"a8cefc8181627f54639280e5a76c19e3066b6f6455ac9b54d9a45a72e32f9b19","/_app/immutable/chunks/form.734471a1.js":"b4ce192e216272e7b44611553925848692419505f77c22fe5322046a66479ba6","/_app/immutable/chunks/forms.7dd04897.js":"3af57f44895dcb32fe28c565f55ebc77cbfc2a0fe99516528848fe3f374c08e0","/_app/immutable/chunks/index.32be3da3.js":"3e3317ae9c55de5f2007247e5c89b6d26598bde3a8711fac2686bb087feca05c","/_app/immutable/chunks/index.830996ec.js":"9734efab8a3a10bf9539f590a5d146687de120b9238b96faf43513e8eb511aac","/_app/immutable/chunks/index.c4ca6160.js":"bac88eef57bd5686b67b7781671a2d119bf0dd08337dbb1c8893ff8befe307fd","/_app/immutable/chunks/index.dad74f09.js":"6d07e4c0a6c38f5cd556bb505f9ac775810eb1f6a10b64376cd20f8ec4eaea35","/_app/immutable/chunks/index.eccb095b.js":"71ef4f084d9890117a1a6075656fe0bd297ec2f7bff8631e21844245766cb0a2","/_app/immutable/chunks/index.esm2017.83106726.js":"cd8a9cee880f5469685f70b9e372473f3b61ebceca659c8df36bab2d6d3e8407","/_app/immutable/chunks/meetings.a1101559.js":"964d34703df682cd484cae6fa2c90260718cd40500bc41e0df94c6d4646cc66c","/_app/immutable/chunks/meridiem.2bb04d60.js":"aae31afee1357c0f288f741cd426511bd5a7d0cb08ed2583eeeb31ce26d2e3b3","/_app/immutable/chunks/navigation.834286f1.js":"604c21a1a5fd04bc94bea7ae6b9144aa8b0fc9c576236da04bdc668ac9b6dbcc","/_app/immutable/chunks/parse.7d180a0f.js":"51045ff83cdb50154bdc64cb7fec185f1ff7520dfde279ba3535581a95e73f38","/_app/immutable/chunks/paths.14fa6447.js":"caec2700c2a6e8627b1dd3dbbe730b518bf7f6552d54758bc6a3d5b52ede7b41","/_app/immutable/chunks/singletons.450b27f7.js":"1d1263e5eb5853e3618ef39062dfbdafbcd83fb9bee0639b5af609530cd4842a","/_app/immutable/chunks/stores.da3e1a1b.js":"385e4f4184d02e4df810e212d7a046598338b4c0243db5ba04f5ed3aa4b540b1","/_app/immutable/entry/app.fbfd3a31.js":"0e5c18c4ce5931ee42005c379d42f83e5da398eeefd00bdfdbe13a53208d95a1","/_app/immutable/entry/start.1a6d7d8d.js":"456115617a527c1ae736470f108f98082acfddf552801f37ab6d1b8060909c9b","/_app/immutable/nodes/0.54d6259c.js":"ff3caae7864e0de7461ee020fca389a9552bf918bdcbdc38303272529bc1d52e","/_app/immutable/nodes/1.bf4d14d9.js":"170efbf6c5aa91747ab1ab0259a4998648027f7496e7b2c2a497fa87ffba8697","/_app/immutable/nodes/10.fed34402.js":"d6213718e11bdb39545f3198d99d2be5cd6d8abeb87a6b59343f1dc7cb2ec049","/_app/immutable/nodes/11.db48306b.js":"2bb76b961bcb94029bb5351d44e5d137f50d7504d4ef48184eefbc2503f2c918","/_app/immutable/nodes/12.be3a2d92.js":"811f7eeb5f05c1a90a07144e65cd9cd06673cc8dba8815d99a4391c9bc4ae2b0","/_app/immutable/nodes/13.cb2b0fe0.js":"7ca0ae6a3e0b83a934bb73210c1214426243dfa6cacd48d2d28de4080715acc3","/_app/immutable/nodes/14.3f877821.js":"5d1108daab7e9548108f41539bbc828f3aa501606179b251ddc4ae4edfaa5ca2","/_app/immutable/nodes/15.d2798934.js":"c178046e2d9655a22c88ae302b2aa0557da572542923a40df6baefdbf489a895","/_app/immutable/nodes/16.cef880b0.js":"b029c834436f5a2d44572139edfeae5019f5c65998c8e20a7f6c355531523517","/_app/immutable/nodes/17.2e062ece.js":"0a15678c1635c6061f4c99ea2365ecd04bf65c5f80ae2b764c54027ccf55d90f","/_app/immutable/nodes/18.04c33175.js":"f48ff7818db2339ddcf3be0fb3df24066246d445ebaf05dc74b8ee9b0553a1c8","/_app/immutable/nodes/19.668d5b5a.js":"c552fe4fbda396551bb2a94a7942f8ad4fa4b2d361f483bd9e694a517d4fecf4","/_app/immutable/nodes/2.660f2557.js":"5732945bbd0f2d2ab9610bbd37d7a0069b499b3753f17a74f6221b517941a0e2","/_app/immutable/nodes/21.45ac1b55.js":"31e99a3eb2b1e34dbbed4e7948265292eb93531057759584f0b5056053f3dec1","/_app/immutable/nodes/22.0a6e3178.js":"4e541f693d563d106c4cfed96862a957fbb81d1ccbf12919becb0896cf965e0b","/_app/immutable/nodes/23.e822fff2.js":"650d4a66b2be266647c9b34f1b74f6ee85948a749f3b252e62777aa98d0ba9df","/_app/immutable/nodes/24.d6fd22a8.js":"87f969497ccd9f4082db908005dbc41734af964ed8c55170db16e9638aefd44d","/_app/immutable/nodes/25.c5294b19.js":"5514c55a1bf57c0638475d6a7ba300991b2024be780862134b70c3d0bfe6312b","/_app/immutable/nodes/26.920b9187.js":"a1542037cd55b70bf2c7afc70b81ef400afaae490fc8ef9aff4d25c7bc4afa9f","/_app/immutable/nodes/27.fbf8d6a4.js":"300fc8f1834d28c35dd858734649df9674eac7de92b419101eed81e3613f941d","/_app/immutable/nodes/28.045084ba.js":"cda3adee545f325b3b993f5ff704a538e88b994011761ce965f1a20c6ec463c1","/_app/immutable/nodes/29.a23b6313.js":"c92d90d271a3811012c07d2c47c837cd8c259a8d1b1261d69ab29b6bd84e9b77","/_app/immutable/nodes/3.3d5bfce0.js":"a21828c5d2e676a377bcb04e8208986667bd0d9386f09111933954bc1a8ed4c1","/_app/immutable/nodes/30.9b64dbbf.js":"52b7c7e5dfe36ddd8675529b80aedd683d61fc89001494257c4b21feaebc5081","/_app/immutable/nodes/31.3bbc85fb.js":"b2d50933ec22fddba63ab3381dce7707857337b59702afd15a0a489f22f8c9c5","/_app/immutable/nodes/32.fbdef59a.js":"d4adb58edefd5cc93dda632c56b201dae3ebafd96770ad5ca91b1fad99cadefd","/_app/immutable/nodes/33.dd3dd816.js":"bafa2e30005744f885f10585f0c6fd0fad1b009de553235c7585a8fb0624985c","/_app/immutable/nodes/34.5ee26ab0.js":"2ef23301ce369600b64dc79c35fae7de6e9a12d3d5740d74362e690dcdca2730","/_app/immutable/nodes/35.3b8ad726.js":"e5323a379c9e33838a9ecb359a828746948f7f483bbb01c81baface3349c62b7","/_app/immutable/nodes/36.dbb54674.js":"ebadf13701eeffc351d37964d43b62d5c5614c56f6fe4f46ec6b0763c7ab7311","/_app/immutable/nodes/37.cfddcf24.js":"f92d164b7b470c1fbacc8dda491fd46e4af51fa7abb9d5135ae9afbb1f573c84","/_app/immutable/nodes/38.664e3de0.js":"971651ef666a5fa265491a13d7cce9318812645533fab97b16163b527c79a4c0","/_app/immutable/nodes/39.8fef78b5.js":"80cef714c812ac8edb68fefef65b336ba2a439371335825ad52d85ace42e87ee","/_app/immutable/nodes/4.02fecb29.js":"78bd42be0c7e459deb3754808db6704b5377ac1cf8a3f44689d8001007e57613","/_app/immutable/nodes/5.1dc73be6.js":"fdb8591e0e615b50b4c4ff3dfad5ba2efacf447abeea79634134db9f6731dd34","/_app/immutable/nodes/6.9055d8fe.js":"505b35d41932ba23534ea9c8d2bbef3508da3eaf480f4bd44b05aed8c958ceff","/_app/immutable/nodes/7.d63cdf09.js":"e22e47c79a161e3ab2958845a1d4ba42d68e49a43a599f58fcd09c790daf634f","/_app/immutable/nodes/8.ca953e70.js":"42ab699c57c631c7197d33769afbef4dd0829beff7ab32857e036c96096ced13","/_app/immutable/nodes/9.ae327b45.js":"65519b53d8a2710555c2ea44d629d93331358d5c8d9602e5da26557729575b60"}}
